<?xml version="1.0" encoding="UTF-8"?>
<testng-results skipped="0" failed="0" ignored="0" total="2" passed="2">
  <reporter-output>
  </reporter-output>
  <suite name="Default suite" duration-ms="46023" started-at="2018-08-25T18:01:05Z" finished-at="2018-08-25T18:01:51Z">
    <groups>
    </groups>
    <test name="Default test" duration-ms="46023" started-at="2018-08-25T18:01:05Z" finished-at="2018-08-25T18:01:51Z">
      <class name="com.play.Newauto">
        <test-method status="PASS" signature="abc()[pri:0, instance:com.play.Newauto@5bfbf16f]" name="abc" is-config="true" duration-ms="11550" started-at="2018-08-25T23:31:05Z" finished-at="2018-08-25T23:31:16Z">
          <reporter-output>
          </reporter-output>
        </test-method> <!-- abc -->
        <test-method status="PASS" signature="bcd()[pri:0, instance:com.play.Newauto@5bfbf16f]" name="bcd" duration-ms="6547" started-at="2018-08-25T23:31:16Z" finished-at="2018-08-25T23:31:23Z">
          <reporter-output>
          </reporter-output>
        </test-method> <!-- bcd -->
        <test-method status="PASS" signature="ccd()[pri:0, instance:com.play.Newauto@5bfbf16f]" name="ccd" duration-ms="26496" started-at="2018-08-25T23:31:23Z" finished-at="2018-08-25T23:31:49Z">
          <reporter-output>
          </reporter-output>
        </test-method> <!-- ccd -->
        <test-method status="PASS" signature="exit()[pri:0, instance:com.play.Newauto@5bfbf16f]" name="exit" is-config="true" duration-ms="1384" started-at="2018-08-25T23:31:49Z" finished-at="2018-08-25T23:31:51Z">
          <reporter-output>
          </reporter-output>
        </test-method> <!-- exit -->
      </class> <!-- com.play.Newauto -->
    </test> <!-- Default test -->
  </suite> <!-- Default suite -->
</testng-results>
